02:32:06.935 [main] INFO  application.Main - Starting Application
02:32:07.436 [main] INFO  org.hibernate.Version - HHH000412: Hibernate ORM core version 5.6.9.Final
02:32:07.896 [main] INFO  o.h.annotations.common.Version - HCANN000001: Hibernate Commons Annotations {5.1.2.Final}
02:32:08.012 [main] WARN  o.hibernate.orm.connections.pooling - HHH10001002: Using Hibernate built-in connection pool (not for production use!)
02:32:08.017 [main] INFO  o.hibernate.orm.connections.pooling - HHH10001005: using driver [org.postgresql.Driver] at URL [jdbc:postgresql://localhost:5432/bookstore]
02:32:08.017 [main] INFO  o.hibernate.orm.connections.pooling - HHH10001001: Connection properties: {password=****, user=postgres}
02:32:08.018 [main] INFO  o.hibernate.orm.connections.pooling - HHH10001003: Autocommit mode: false
02:32:08.023 [main] INFO  o.h.e.j.c.i.DriverManagerConnectionProviderImpl - HHH000115: Hibernate connection pool size: 5 (min=1)
02:32:08.262 [main] INFO  org.hibernate.dialect.Dialect - HHH000400: Using dialect: org.hibernate.dialect.PostgreSQL10Dialect
02:32:08.799 [main] INFO  o.hibernate.orm.connections.access - HHH10001501: Connection obtained from JdbcConnectionAccess [org.hibernate.engine.jdbc.env.internal.JdbcEnvironmentInitiator$ConnectionProviderJdbcConnectionAccess@3e856100] for (non-JTA) DDL execution was not in auto-commit mode; the Connection 'local transaction' will be committed and the Connection will be set into auto-commit mode.
02:32:09.073 [main] INFO  o.h.e.t.j.p.i.JtaPlatformInitiator - HHH000490: Using JtaPlatform implementation: [org.hibernate.engine.transaction.jta.platform.internal.NoJtaPlatform]
02:32:09.185 [main] DEBUG application.Main - DI Container initialized with beans
02:32:09.185 [main] INFO  application.Main - Configured Services...
02:32:09.185 [main] INFO  application.Main - Configuration loaded
02:32:09.185 [main] INFO  application.Main - Launching main menu...
02:32:09.189 [main] INFO  application.Main - Menu loaded
02:32:13.145 [main] INFO  ui.view.BookView - Initiated book export
02:32:18.112 [main] INFO  service.IOService - Exporting entities to file: fff.csv
02:32:18.112 [main] DEBUG service.BookInventoryService - Fetching all books from inventory
02:32:18.202 [main] DEBUG service.IOService - Exporting 10 entities
02:32:18.202 [main] ERROR ui.view.BookView - Failed to export books to 'fff.csv'
java.lang.NullPointerException: Cannot invoke "java.nio.file.Path.getFileSystem()" because "path" is null
	at java.base/java.nio.file.Files.provider(Files.java:105)
	at java.base/java.nio.file.Files.exists(Files.java:2515)
	at io.csv.GenericCSVService.writeToCsv(GenericCSVService.java:23)
	at service.IOService.exportEntities(IOService.java:37)
	at facade.BookFacade.exportBooksToCSV(BookFacade.java:33)
	at ui.controller.BookController.exportBooks(BookController.java:39)
	at ui.view.BookView.showBookExportMenu(BookView.java:157)
	at ui.domain.MenuItem.doAction(MenuItem.java:14)
	at ui.controller.MenuController.run(MenuController.java:37)
	at application.Main.main(Main.java:51)
02:32:38.413 [main] INFO  ui.view.BookView - Initiated book import
02:32:42.195 [main] INFO  service.IOService - Importing entities from file: fff.csv
02:32:42.197 [main] ERROR ui.view.BookView - Failed to import books from 'fff.csv'
java.lang.NullPointerException: Cannot invoke "java.nio.file.Path.resolve(String)" because "this.ioDir" is null
	at io.csv.GenericCSVService.readToCsv(GenericCSVService.java:46)
	at service.IOService.importEntities(IOService.java:56)
	at facade.BookFacade.importBooksFromCSV(BookFacade.java:29)
	at ui.controller.BookController.importBooks(BookController.java:35)
	at ui.view.BookView.showBookImportMenu(BookView.java:142)
	at ui.domain.MenuItem.doAction(MenuItem.java:14)
	at ui.controller.MenuController.run(MenuController.java:37)
	at application.Main.main(Main.java:51)
02:37:09.740 [main] INFO  application.Main - Starting Application
02:37:10.155 [main] INFO  org.hibernate.Version - HHH000412: Hibernate ORM core version 5.6.9.Final
02:37:10.474 [main] INFO  o.h.annotations.common.Version - HCANN000001: Hibernate Commons Annotations {5.1.2.Final}
02:37:10.574 [main] WARN  o.hibernate.orm.connections.pooling - HHH10001002: Using Hibernate built-in connection pool (not for production use!)
02:37:10.579 [main] INFO  o.hibernate.orm.connections.pooling - HHH10001005: using driver [org.postgresql.Driver] at URL [jdbc:postgresql://localhost:5432/bookstore]
02:37:10.579 [main] INFO  o.hibernate.orm.connections.pooling - HHH10001001: Connection properties: {password=****, user=postgres}
02:37:10.579 [main] INFO  o.hibernate.orm.connections.pooling - HHH10001003: Autocommit mode: false
02:37:10.583 [main] INFO  o.h.e.j.c.i.DriverManagerConnectionProviderImpl - HHH000115: Hibernate connection pool size: 5 (min=1)
02:37:10.787 [main] INFO  org.hibernate.dialect.Dialect - HHH000400: Using dialect: org.hibernate.dialect.PostgreSQL10Dialect
02:37:11.284 [main] INFO  o.hibernate.orm.connections.access - HHH10001501: Connection obtained from JdbcConnectionAccess [org.hibernate.engine.jdbc.env.internal.JdbcEnvironmentInitiator$ConnectionProviderJdbcConnectionAccess@3e856100] for (non-JTA) DDL execution was not in auto-commit mode; the Connection 'local transaction' will be committed and the Connection will be set into auto-commit mode.
02:37:11.497 [main] INFO  o.h.e.t.j.p.i.JtaPlatformInitiator - HHH000490: Using JtaPlatform implementation: [org.hibernate.engine.transaction.jta.platform.internal.NoJtaPlatform]
02:37:11.602 [main] DEBUG application.Main - DI Container initialized with beans
02:37:11.603 [main] INFO  application.Main - Configured Services...
02:37:11.603 [main] INFO  application.Main - Configuration loaded
02:37:11.603 [main] INFO  application.Main - Launching main menu...
02:37:11.606 [main] INFO  application.Main - Menu loaded
02:37:14.389 [main] INFO  ui.view.BookView - Initiated book import
02:37:22.236 [main] INFO  service.IOService - Importing entities from file: fff.csv
02:37:22.238 [main] ERROR ui.view.BookView - Failed to import books from 'fff.csv'
java.lang.NullPointerException: Cannot invoke "java.nio.file.Path.resolve(String)" because "this.ioDir" is null
	at io.csv.GenericCSVService.readToCsv(GenericCSVService.java:46)
	at service.IOService.importEntities(IOService.java:56)
	at facade.BookFacade.importBooksFromCSV(BookFacade.java:29)
	at ui.controller.BookController.importBooks(BookController.java:35)
	at ui.view.BookView.showBookImportMenu(BookView.java:142)
	at ui.domain.MenuItem.doAction(MenuItem.java:14)
	at ui.controller.MenuController.run(MenuController.java:37)
	at application.Main.main(Main.java:51)
02:37:35.923 [main] INFO  ui.view.BookView - Initiated book export
02:37:38.213 [main] INFO  service.IOService - Exporting entities to file: fff.csv
02:37:38.213 [main] DEBUG service.BookInventoryService - Fetching all books from inventory
02:37:38.280 [main] DEBUG service.IOService - Exporting 10 entities
02:37:38.280 [main] ERROR ui.view.BookView - Failed to export books to 'fff.csv'
java.lang.NullPointerException: Cannot invoke "java.nio.file.Path.toString()" because "this.ioDir" is null
	at io.csv.GenericCSVService.writeToCsv(GenericCSVService.java:21)
	at service.IOService.exportEntities(IOService.java:37)
	at facade.BookFacade.exportBooksToCSV(BookFacade.java:33)
	at ui.controller.BookController.exportBooks(BookController.java:39)
	at ui.view.BookView.showBookExportMenu(BookView.java:157)
	at ui.domain.MenuItem.doAction(MenuItem.java:14)
	at ui.controller.MenuController.run(MenuController.java:37)
	at application.Main.main(Main.java:51)
02:38:43.767 [main] INFO  application.Main - Starting Application
02:38:44.207 [main] INFO  org.hibernate.Version - HHH000412: Hibernate ORM core version 5.6.9.Final
02:38:44.516 [main] INFO  o.h.annotations.common.Version - HCANN000001: Hibernate Commons Annotations {5.1.2.Final}
02:38:44.614 [main] WARN  o.hibernate.orm.connections.pooling - HHH10001002: Using Hibernate built-in connection pool (not for production use!)
02:38:44.617 [main] INFO  o.hibernate.orm.connections.pooling - HHH10001005: using driver [org.postgresql.Driver] at URL [jdbc:postgresql://localhost:5432/bookstore]
02:38:44.617 [main] INFO  o.hibernate.orm.connections.pooling - HHH10001001: Connection properties: {password=****, user=postgres}
02:38:44.617 [main] INFO  o.hibernate.orm.connections.pooling - HHH10001003: Autocommit mode: false
02:38:44.620 [main] INFO  o.h.e.j.c.i.DriverManagerConnectionProviderImpl - HHH000115: Hibernate connection pool size: 5 (min=1)
02:38:44.813 [main] INFO  org.hibernate.dialect.Dialect - HHH000400: Using dialect: org.hibernate.dialect.PostgreSQL10Dialect
02:38:45.310 [main] INFO  o.hibernate.orm.connections.access - HHH10001501: Connection obtained from JdbcConnectionAccess [org.hibernate.engine.jdbc.env.internal.JdbcEnvironmentInitiator$ConnectionProviderJdbcConnectionAccess@6e9a0bea] for (non-JTA) DDL execution was not in auto-commit mode; the Connection 'local transaction' will be committed and the Connection will be set into auto-commit mode.
02:38:45.523 [main] INFO  o.h.e.t.j.p.i.JtaPlatformInitiator - HHH000490: Using JtaPlatform implementation: [org.hibernate.engine.transaction.jta.platform.internal.NoJtaPlatform]
02:38:45.625 [main] DEBUG application.Main - DI Container initialized with beans
02:38:45.626 [main] INFO  application.Main - Configured Services...
02:38:45.626 [main] INFO  application.Main - Configuration loaded
02:38:45.626 [main] INFO  application.Main - Launching main menu...
02:38:45.629 [main] INFO  application.Main - Menu loaded
02:38:49.502 [main] INFO  ui.view.BookView - Requesting unsold books...
02:38:52.741 [main] INFO  service.ReportService - Fetching unsold books (older than 7 months), sorted by: PRICE
02:38:52.741 [main] DEBUG service.OrderService - Fetching all orders
02:38:52.862 [main] DEBUG service.RequestService - Fetching all book requests
02:38:52.876 [main] DEBUG service.BookInventoryService - Fetching all books from inventory
02:38:52.883 [main] DEBUG service.ReportService - Found 8 unsold books
02:38:52.884 [main] INFO  ui.view.BookView - Sorting option selected: PRICE
02:38:52.884 [main] INFO  ui.view.BookView - Displayed 8 books
02:38:54.051 [main] INFO  application.Main - Closing Application
02:38:54.052 [main] INFO  application.Main - Application closed correctly
02:45:08.956 [main] INFO  application.Main - Starting Application
02:45:09.365 [main] INFO  org.hibernate.Version - HHH000412: Hibernate ORM core version 5.6.9.Final
02:45:09.678 [main] INFO  o.h.annotations.common.Version - HCANN000001: Hibernate Commons Annotations {5.1.2.Final}
02:45:09.776 [main] WARN  o.hibernate.orm.connections.pooling - HHH10001002: Using Hibernate built-in connection pool (not for production use!)
02:45:09.779 [main] INFO  o.hibernate.orm.connections.pooling - HHH10001005: using driver [org.postgresql.Driver] at URL [jdbc:postgresql://localhost:5432/bookstore]
02:45:09.779 [main] INFO  o.hibernate.orm.connections.pooling - HHH10001001: Connection properties: {password=****, user=postgres}
02:45:09.780 [main] INFO  o.hibernate.orm.connections.pooling - HHH10001003: Autocommit mode: false
02:45:09.784 [main] INFO  o.h.e.j.c.i.DriverManagerConnectionProviderImpl - HHH000115: Hibernate connection pool size: 5 (min=1)
02:45:10.071 [main] INFO  org.hibernate.dialect.Dialect - HHH000400: Using dialect: org.hibernate.dialect.PostgreSQL10Dialect
02:45:10.548 [main] INFO  o.hibernate.orm.connections.access - HHH10001501: Connection obtained from JdbcConnectionAccess [org.hibernate.engine.jdbc.env.internal.JdbcEnvironmentInitiator$ConnectionProviderJdbcConnectionAccess@3e856100] for (non-JTA) DDL execution was not in auto-commit mode; the Connection 'local transaction' will be committed and the Connection will be set into auto-commit mode.
02:45:10.760 [main] INFO  o.h.e.t.j.p.i.JtaPlatformInitiator - HHH000490: Using JtaPlatform implementation: [org.hibernate.engine.transaction.jta.platform.internal.NoJtaPlatform]
02:45:10.868 [main] DEBUG application.Main - DI Container initialized with beans
02:45:10.868 [main] INFO  application.Main - Configured Services...
02:45:10.868 [main] INFO  application.Main - Configuration loaded
02:45:10.868 [main] INFO  application.Main - Launching main menu...
02:45:10.873 [main] INFO  application.Main - Menu loaded
02:45:13.637 [main] INFO  ui.view.BookView - Initiated book export
02:45:14.622 [main] INFO  service.IOService - Exporting entities to file: fff.csv
02:45:14.622 [main] DEBUG service.BookInventoryService - Fetching all books from inventory
02:45:14.691 [main] DEBUG service.IOService - Exporting 10 entities
02:45:14.692 [main] ERROR ui.view.BookView - Failed to export books to 'fff.csv'
java.lang.NullPointerException: Cannot invoke "java.nio.file.Path.toString()" because "this.ioDir" is null
	at io.csv.GenericCSVService.writeToCsv(GenericCSVService.java:22)
	at service.IOService.exportEntities(IOService.java:37)
	at facade.BookFacade.exportBooksToCSV(BookFacade.java:33)
	at ui.controller.BookController.exportBooks(BookController.java:39)
	at ui.view.BookView.showBookExportMenu(BookView.java:157)
	at ui.domain.MenuItem.doAction(MenuItem.java:14)
	at ui.controller.MenuController.run(MenuController.java:37)
	at application.Main.main(Main.java:51)
02:45:52.567 [main] INFO  application.Main - Starting Application
02:45:52.964 [main] INFO  org.hibernate.Version - HHH000412: Hibernate ORM core version 5.6.9.Final
02:45:53.272 [main] INFO  o.h.annotations.common.Version - HCANN000001: Hibernate Commons Annotations {5.1.2.Final}
02:45:53.368 [main] WARN  o.hibernate.orm.connections.pooling - HHH10001002: Using Hibernate built-in connection pool (not for production use!)
02:45:53.372 [main] INFO  o.hibernate.orm.connections.pooling - HHH10001005: using driver [org.postgresql.Driver] at URL [jdbc:postgresql://localhost:5432/bookstore]
02:45:53.373 [main] INFO  o.hibernate.orm.connections.pooling - HHH10001001: Connection properties: {password=****, user=postgres}
02:45:53.373 [main] INFO  o.hibernate.orm.connections.pooling - HHH10001003: Autocommit mode: false
02:45:53.375 [main] INFO  o.h.e.j.c.i.DriverManagerConnectionProviderImpl - HHH000115: Hibernate connection pool size: 5 (min=1)
02:45:53.562 [main] INFO  org.hibernate.dialect.Dialect - HHH000400: Using dialect: org.hibernate.dialect.PostgreSQL10Dialect
02:45:54.052 [main] INFO  o.hibernate.orm.connections.access - HHH10001501: Connection obtained from JdbcConnectionAccess [org.hibernate.engine.jdbc.env.internal.JdbcEnvironmentInitiator$ConnectionProviderJdbcConnectionAccess@6af310c7] for (non-JTA) DDL execution was not in auto-commit mode; the Connection 'local transaction' will be committed and the Connection will be set into auto-commit mode.
02:45:54.262 [main] INFO  o.h.e.t.j.p.i.JtaPlatformInitiator - HHH000490: Using JtaPlatform implementation: [org.hibernate.engine.transaction.jta.platform.internal.NoJtaPlatform]
02:45:54.361 [main] DEBUG application.Main - DI Container initialized with beans
02:45:54.361 [main] INFO  application.Main - Configured Services...
02:45:54.361 [main] INFO  application.Main - Configuration loaded
02:45:54.361 [main] INFO  application.Main - Launching main menu...
02:45:54.368 [main] INFO  application.Main - Menu loaded
02:45:58.084 [main] INFO  ui.view.BookView - Initiated book export
02:45:59.049 [main] INFO  service.IOService - Exporting entities to file: fff.csv
02:45:59.049 [main] DEBUG service.BookInventoryService - Fetching all books from inventory
02:45:59.117 [main] DEBUG service.IOService - Exporting 10 entities
02:45:59.117 [main] ERROR ui.view.BookView - Failed to export books to 'fff.csv'
java.lang.NullPointerException: Cannot invoke "java.nio.file.Path.getFileSystem()" because "path" is null
	at java.base/java.nio.file.Files.provider(Files.java:105)
	at java.base/java.nio.file.Files.exists(Files.java:2515)
	at io.csv.GenericCSVService.writeToCsv(GenericCSVService.java:25)
	at service.IOService.exportEntities(IOService.java:37)
	at facade.BookFacade.exportBooksToCSV(BookFacade.java:33)
	at ui.controller.BookController.exportBooks(BookController.java:39)
	at ui.view.BookView.showBookExportMenu(BookView.java:157)
	at ui.domain.MenuItem.doAction(MenuItem.java:14)
	at ui.controller.MenuController.run(MenuController.java:37)
	at application.Main.main(Main.java:51)
02:50:31.309 [main] INFO  application.Main - Starting Application
02:50:31.718 [main] INFO  org.hibernate.Version - HHH000412: Hibernate ORM core version 5.6.9.Final
02:50:32.053 [main] INFO  o.h.annotations.common.Version - HCANN000001: Hibernate Commons Annotations {5.1.2.Final}
02:50:32.150 [main] WARN  o.hibernate.orm.connections.pooling - HHH10001002: Using Hibernate built-in connection pool (not for production use!)
02:50:32.153 [main] INFO  o.hibernate.orm.connections.pooling - HHH10001005: using driver [org.postgresql.Driver] at URL [jdbc:postgresql://localhost:5432/bookstore]
02:50:32.154 [main] INFO  o.hibernate.orm.connections.pooling - HHH10001001: Connection properties: {password=****, user=postgres}
02:50:32.154 [main] INFO  o.hibernate.orm.connections.pooling - HHH10001003: Autocommit mode: false
02:50:32.156 [main] INFO  o.h.e.j.c.i.DriverManagerConnectionProviderImpl - HHH000115: Hibernate connection pool size: 5 (min=1)
02:50:32.352 [main] INFO  org.hibernate.dialect.Dialect - HHH000400: Using dialect: org.hibernate.dialect.PostgreSQL10Dialect
02:50:32.839 [main] INFO  o.hibernate.orm.connections.access - HHH10001501: Connection obtained from JdbcConnectionAccess [org.hibernate.engine.jdbc.env.internal.JdbcEnvironmentInitiator$ConnectionProviderJdbcConnectionAccess@66f5b8fe] for (non-JTA) DDL execution was not in auto-commit mode; the Connection 'local transaction' will be committed and the Connection will be set into auto-commit mode.
02:50:33.066 [main] INFO  o.h.e.t.j.p.i.JtaPlatformInitiator - HHH000490: Using JtaPlatform implementation: [org.hibernate.engine.transaction.jta.platform.internal.NoJtaPlatform]
02:50:33.171 [main] DEBUG application.Main - DI Container initialized with beans
02:50:33.171 [main] INFO  application.Main - Configured Services...
02:50:33.171 [main] INFO  application.Main - Configuration loaded
02:50:33.171 [main] INFO  application.Main - Launching main menu...
02:50:33.175 [main] INFO  application.Main - Menu loaded
02:50:36.513 [main] INFO  ui.view.BookView - Initiated book export
02:50:37.776 [main] INFO  service.IOService - Exporting entities to file: ааа.csv
02:50:37.776 [main] DEBUG service.BookInventoryService - Fetching all books from inventory
02:50:37.846 [main] DEBUG service.IOService - Exporting 10 entities
02:50:37.847 [main] ERROR ui.view.BookView - Failed to export books to 'ааа.csv'
java.lang.NullPointerException: Cannot invoke "java.nio.file.Path.getFileSystem()" because "path" is null
	at java.base/java.nio.file.Files.provider(Files.java:105)
	at java.base/java.nio.file.Files.exists(Files.java:2515)
	at io.csv.GenericCSVService.writeToCsv(GenericCSVService.java:25)
	at service.IOService.exportEntities(IOService.java:41)
	at facade.BookFacade.exportBooksToCSV(BookFacade.java:33)
	at ui.controller.BookController.exportBooks(BookController.java:39)
	at ui.view.BookView.showBookExportMenu(BookView.java:157)
	at ui.domain.MenuItem.doAction(MenuItem.java:14)
	at ui.controller.MenuController.run(MenuController.java:37)
	at application.Main.main(Main.java:51)
02:50:44.110 [main] INFO  application.Main - Closing Application
02:50:44.110 [main] INFO  application.Main - Application closed correctly
02:51:03.374 [main] INFO  application.Main - Starting Application
02:51:03.793 [main] INFO  org.hibernate.Version - HHH000412: Hibernate ORM core version 5.6.9.Final
02:51:04.100 [main] INFO  o.h.annotations.common.Version - HCANN000001: Hibernate Commons Annotations {5.1.2.Final}
02:51:04.202 [main] WARN  o.hibernate.orm.connections.pooling - HHH10001002: Using Hibernate built-in connection pool (not for production use!)
02:51:04.205 [main] INFO  o.hibernate.orm.connections.pooling - HHH10001005: using driver [org.postgresql.Driver] at URL [jdbc:postgresql://localhost:5432/bookstore]
02:51:04.205 [main] INFO  o.hibernate.orm.connections.pooling - HHH10001001: Connection properties: {password=****, user=postgres}
02:51:04.205 [main] INFO  o.hibernate.orm.connections.pooling - HHH10001003: Autocommit mode: false
02:51:04.207 [main] INFO  o.h.e.j.c.i.DriverManagerConnectionProviderImpl - HHH000115: Hibernate connection pool size: 5 (min=1)
02:51:04.412 [main] INFO  org.hibernate.dialect.Dialect - HHH000400: Using dialect: org.hibernate.dialect.PostgreSQL10Dialect
02:51:04.898 [main] INFO  o.hibernate.orm.connections.access - HHH10001501: Connection obtained from JdbcConnectionAccess [org.hibernate.engine.jdbc.env.internal.JdbcEnvironmentInitiator$ConnectionProviderJdbcConnectionAccess@20440c6c] for (non-JTA) DDL execution was not in auto-commit mode; the Connection 'local transaction' will be committed and the Connection will be set into auto-commit mode.
02:51:05.110 [main] INFO  o.h.e.t.j.p.i.JtaPlatformInitiator - HHH000490: Using JtaPlatform implementation: [org.hibernate.engine.transaction.jta.platform.internal.NoJtaPlatform]
02:51:05.215 [main] DEBUG application.Main - DI Container initialized with beans
02:51:05.215 [main] INFO  application.Main - Configured Services...
02:51:05.215 [main] INFO  application.Main - Configuration loaded
02:51:05.215 [main] INFO  application.Main - Launching main menu...
02:51:05.220 [main] INFO  application.Main - Menu loaded
02:51:07.308 [main] INFO  ui.view.BookView - Initiated book export
02:51:08.430 [main] INFO  service.IOService - Exporting entities to file: fff.csv
02:51:08.430 [main] DEBUG service.BookInventoryService - Fetching all books from inventory
02:51:08.499 [main] DEBUG service.IOService - Exporting 10 entities
02:51:08.502 [main] INFO  service.IOService - Successfully exported 10 entities to 'fff.csv'
02:51:08.502 [main] INFO  ui.view.BookView - Books successfully exported to 'fff.csv'
02:54:04.848 [main] INFO  application.Main - Starting Application
02:54:05.294 [main] INFO  org.hibernate.Version - HHH000412: Hibernate ORM core version 5.6.9.Final
02:54:05.613 [main] INFO  o.h.annotations.common.Version - HCANN000001: Hibernate Commons Annotations {5.1.2.Final}
02:54:05.713 [main] WARN  o.hibernate.orm.connections.pooling - HHH10001002: Using Hibernate built-in connection pool (not for production use!)
02:54:05.716 [main] INFO  o.hibernate.orm.connections.pooling - HHH10001005: using driver [org.postgresql.Driver] at URL [jdbc:postgresql://localhost:5432/bookstore]
02:54:05.716 [main] INFO  o.hibernate.orm.connections.pooling - HHH10001001: Connection properties: {password=****, user=postgres}
02:54:05.716 [main] INFO  o.hibernate.orm.connections.pooling - HHH10001003: Autocommit mode: false
02:54:05.719 [main] INFO  o.h.e.j.c.i.DriverManagerConnectionProviderImpl - HHH000115: Hibernate connection pool size: 5 (min=1)
02:54:05.912 [main] INFO  org.hibernate.dialect.Dialect - HHH000400: Using dialect: org.hibernate.dialect.PostgreSQL10Dialect
02:54:06.402 [main] INFO  o.hibernate.orm.connections.access - HHH10001501: Connection obtained from JdbcConnectionAccess [org.hibernate.engine.jdbc.env.internal.JdbcEnvironmentInitiator$ConnectionProviderJdbcConnectionAccess@6e9a0bea] for (non-JTA) DDL execution was not in auto-commit mode; the Connection 'local transaction' will be committed and the Connection will be set into auto-commit mode.
02:54:06.617 [main] INFO  o.h.e.t.j.p.i.JtaPlatformInitiator - HHH000490: Using JtaPlatform implementation: [org.hibernate.engine.transaction.jta.platform.internal.NoJtaPlatform]
02:54:06.725 [main] DEBUG application.Main - DI Container initialized with beans
02:54:06.725 [main] INFO  application.Main - Configured Services...
02:54:06.725 [main] INFO  application.Main - Configuration loaded
02:54:06.725 [main] INFO  application.Main - Launching main menu...
02:54:06.728 [main] INFO  application.Main - Menu loaded
02:54:08.744 [main] INFO  ui.view.BookView - Initiated book export
02:54:10.277 [main] INFO  service.IOService - Exporting entities to file: ccc.csv
02:54:10.277 [main] DEBUG service.BookInventoryService - Fetching all books from inventory
02:54:10.348 [main] DEBUG service.IOService - Exporting 10 entities
02:54:10.349 [main] INFO  service.IOService - Successfully exported 10 entities to 'ccc.csv'
02:54:10.349 [main] INFO  ui.view.BookView - Books successfully exported to 'ccc.csv'
02:55:43.615 [main] INFO  application.Main - Starting Application
02:55:44.031 [main] INFO  org.hibernate.Version - HHH000412: Hibernate ORM core version 5.6.9.Final
02:55:44.366 [main] INFO  o.h.annotations.common.Version - HCANN000001: Hibernate Commons Annotations {5.1.2.Final}
02:55:44.463 [main] WARN  o.hibernate.orm.connections.pooling - HHH10001002: Using Hibernate built-in connection pool (not for production use!)
02:55:44.466 [main] INFO  o.hibernate.orm.connections.pooling - HHH10001005: using driver [org.postgresql.Driver] at URL [jdbc:postgresql://localhost:5432/bookstore]
02:55:44.466 [main] INFO  o.hibernate.orm.connections.pooling - HHH10001001: Connection properties: {password=****, user=postgres}
02:55:44.466 [main] INFO  o.hibernate.orm.connections.pooling - HHH10001003: Autocommit mode: false
02:55:44.469 [main] INFO  o.h.e.j.c.i.DriverManagerConnectionProviderImpl - HHH000115: Hibernate connection pool size: 5 (min=1)
02:55:44.657 [main] INFO  org.hibernate.dialect.Dialect - HHH000400: Using dialect: org.hibernate.dialect.PostgreSQL10Dialect
02:55:45.138 [main] INFO  o.hibernate.orm.connections.access - HHH10001501: Connection obtained from JdbcConnectionAccess [org.hibernate.engine.jdbc.env.internal.JdbcEnvironmentInitiator$ConnectionProviderJdbcConnectionAccess@6af310c7] for (non-JTA) DDL execution was not in auto-commit mode; the Connection 'local transaction' will be committed and the Connection will be set into auto-commit mode.
02:55:45.359 [main] INFO  o.h.e.t.j.p.i.JtaPlatformInitiator - HHH000490: Using JtaPlatform implementation: [org.hibernate.engine.transaction.jta.platform.internal.NoJtaPlatform]
02:55:45.469 [main] DEBUG application.Main - DI Container initialized with beans
02:55:45.469 [main] INFO  application.Main - Configured Services...
02:55:45.469 [main] INFO  application.Main - Configuration loaded
02:55:45.469 [main] INFO  application.Main - Launching main menu...
02:55:45.474 [main] INFO  application.Main - Menu loaded
02:55:47.634 [main] INFO  ui.view.BookView - Opened book list menu
02:55:49.740 [main] INFO  service.ReportService - Fetching book catalog, sorted by: IN_STOCK
02:55:49.741 [main] DEBUG service.BookInventoryService - Fetching all books from inventory
02:55:49.810 [main] DEBUG service.ReportService - Catalog contains 10 books
02:55:53.273 [main] INFO  ui.view.BookView - Initiated book export
02:55:56.074 [main] INFO  service.IOService - Exporting entities to file: bbb.csv
02:55:56.074 [main] DEBUG service.BookInventoryService - Fetching all books from inventory
02:55:56.076 [main] DEBUG service.IOService - Exporting 10 entities
02:55:56.078 [main] INFO  service.IOService - Successfully exported 10 entities to 'bbb.csv'
02:55:56.078 [main] INFO  ui.view.BookView - Books successfully exported to 'bbb.csv'
02:56:14.611 [main] INFO  ui.view.OrderView - User initiated order export
02:56:18.244 [main] DEBUG service.OrderService - Fetching all orders
02:56:18.264 [main] INFO  service.IOService - Exporting orders and items to files: 'records.csv' and 'records_item.csv'
02:56:18.292 [main] DEBUG service.IOService - Exporting 22 order items
02:56:18.293 [main] INFO  service.IOService - Successfully exported 12 orders and 22 items
02:56:18.293 [main] INFO  ui.view.OrderView - Orders successfully exported to 'records.csv'
03:01:35.031 [main] INFO  application.Main - Closing Application
03:01:35.031 [main] INFO  application.Main - Application closed correctly
